
/home/runner/work/exp-stern-volmer-plot-iiith/exp-stern-volmer-plot-iiith/experiment/simulation/images/libraries/jQueryRotate.js
   20:5   warning  'jQuery' is not defined                                                    no-undef
   32:38  warning  'Wilq32' is not defined                                                    no-undef
   66:5   warning  'Wilq32' is not defined                                                    no-undef
   67:5   warning  'Wilq32' is not defined                                                    no-undef
   96:13  warning  'jQuery' is not defined                                                    no-undef
  102:5   warning  'Wilq32' is not defined                                                    no-undef
  149:52  warning  Do not access Object.prototype method 'hasOwnProperty' from target object  no-prototype-builtins
  151:15  warning  'jQuery' is not defined                                                    no-undef
  155:18  warning  'a' is already defined                                                     no-redeclare
  155:42  warning  Do not access Object.prototype method 'hasOwnProperty' from target object  no-prototype-builtins
  157:11  warning  'jQuery' is not defined                                                    no-undef
  163:13  warning  'IE' is not defined                                                        no-undef
  198:20  warning  Expected a conditional expression and instead saw an assignment            no-cond-assign
  232:20  warning  Expected a conditional expression and instead saw an assignment            no-cond-assign
  284:13  warning  'IE' is not defined                                                        no-undef
  322:11  warning  'IE' is not defined                                                        no-undef
  324:9   warning  'Wilq32' is not defined                                                    no-undef
  339:4   warning  'jQuery' is not defined                                                    no-undef

/home/runner/work/exp-stern-volmer-plot-iiith/exp-stern-volmer-plot-iiith/experiment/simulation/libraries/bootstrap-3.3.7-dist/js/bootstrap.js
    17:3  warning  'jQuery' is not defined                                     no-undef
    77:3  warning  'jQuery' is not defined                                     no-undef
   172:3  warning  'jQuery' is not defined                                     no-undef
   298:3  warning  'jQuery' is not defined                                     no-undef
   536:3  warning  'jQuery' is not defined                                     no-undef
   667:7  warning  Unexpected newline between object and [ of property access  no-unexpected-multiline
   749:3  warning  'jQuery' is not defined                                     no-undef
   915:3  warning  'jQuery' is not defined                                     no-undef
  1255:3  warning  'jQuery' is not defined                                     no-undef
  1776:3  warning  'jQuery' is not defined                                     no-undef
  1885:3  warning  'jQuery' is not defined                                     no-undef
  2058:3  warning  'jQuery' is not defined                                     no-undef
  2214:3  warning  'jQuery' is not defined                                     no-undef
  2377:3  warning  'jQuery' is not defined                                     no-undef

/home/runner/work/exp-stern-volmer-plot-iiith/exp-stern-volmer-plot-iiith/experiment/simulation/libraries/bootstrap-3.3.7-dist/js/bootstrap.min.js
  6:319    warning  'jQuery' is not defined                 no-undef
  6:1071   warning  'jQuery' is not defined                 no-undef
  6:2016   warning  'jQuery' is not defined                 no-undef
  6:3965   warning  'jQuery' is not defined                 no-undef
  6:8001   warning  'jQuery' is not defined                 no-undef
  6:11369  warning  'jQuery' is not defined                 no-undef
  6:13732  warning  'jQuery' is not defined                 no-undef
  6:19734  warning  'jQuery' is not defined                 no-undef
  6:27338  warning  'a' is assigned a value but never used  no-unused-vars
  6:28677  warning  'jQuery' is not defined                 no-undef
  6:30264  warning  'jQuery' is not defined                 no-undef
  7:648    warning  'jQuery' is not defined                 no-undef
  7:2468   warning  'jQuery' is not defined                 no-undef
  7:4879   warning  'jQuery' is not defined                 no-undef

/home/runner/work/exp-stern-volmer-plot-iiith/exp-stern-volmer-plot-iiith/experiment/simulation/libraries/bootstrap-3.3.7-dist/js/npm.js
   2:1  warning  'require' is not defined  no-undef
   3:1  warning  'require' is not defined  no-undef
   4:1  warning  'require' is not defined  no-undef
   5:1  warning  'require' is not defined  no-undef
   6:1  warning  'require' is not defined  no-undef
   7:1  warning  'require' is not defined  no-undef
   8:1  warning  'require' is not defined  no-undef
   9:1  warning  'require' is not defined  no-undef
  10:1  warning  'require' is not defined  no-undef
  11:1  warning  'require' is not defined  no-undef
  12:1  warning  'require' is not defined  no-undef
  13:1  warning  'require' is not defined  no-undef

/home/runner/work/exp-stern-volmer-plot-iiith/exp-stern-volmer-plot-iiith/experiment/simulation/libraries/jQueryRotate.js
   20:5   warning  'jQuery' is not defined                                                    no-undef
   32:38  warning  'Wilq32' is not defined                                                    no-undef
   66:5   warning  'Wilq32' is not defined                                                    no-undef
   67:5   warning  'Wilq32' is not defined                                                    no-undef
   96:13  warning  'jQuery' is not defined                                                    no-undef
  102:5   warning  'Wilq32' is not defined                                                    no-undef
  149:52  warning  Do not access Object.prototype method 'hasOwnProperty' from target object  no-prototype-builtins
  151:15  warning  'jQuery' is not defined                                                    no-undef
  155:18  warning  'a' is already defined                                                     no-redeclare
  155:42  warning  Do not access Object.prototype method 'hasOwnProperty' from target object  no-prototype-builtins
  157:11  warning  'jQuery' is not defined                                                    no-undef
  163:13  warning  'IE' is not defined                                                        no-undef
  198:20  warning  Expected a conditional expression and instead saw an assignment            no-cond-assign
  232:20  warning  Expected a conditional expression and instead saw an assignment            no-cond-assign
  284:13  warning  'IE' is not defined                                                        no-undef
  322:11  warning  'IE' is not defined                                                        no-undef
  324:9   warning  'Wilq32' is not defined                                                    no-undef
  339:4   warning  'jQuery' is not defined                                                    no-undef

/home/runner/work/exp-stern-volmer-plot-iiith/exp-stern-volmer-plot-iiith/experiment/simulation/mfs9_animations.js
    4:5   warning  'id' is not defined                      no-undef
    6:12  warning  'type_of_movement' is not defined        no-undef
    7:17  warning  'initial_top' is not defined             no-undef
    7:31  warning  'final_top' is not defined               no-undef
    8:31  warning  'id' is not defined                      no-undef
    9:17  warning  'count' is not defined                   no-undef
   11:17  warning  'initial_top' is not defined             no-undef
   11:30  warning  'step_top' is not defined                no-undef
   12:17  warning  'initial_left' is not defined            no-undef
   12:31  warning  'step_left' is not defined               no-undef
   13:17  warning  'elem' is not defined                    no-undef
   13:34  warning  'initial_top' is not defined             no-undef
   14:17  warning  'elem' is not defined                    no-undef
   14:35  warning  'initial_left' is not defined            no-undef
   17:17  warning  'type_of_movement' is not defined        no-undef
   18:17  warning  'initial_top' is not defined             no-undef
   18:31  warning  'final_top' is not defined               no-undef
   19:31  warning  'id' is not defined                      no-undef
   20:17  warning  'count' is not defined                   no-undef
   22:17  warning  'initial_top' is not defined             no-undef
   22:30  warning  'step_top' is not defined                no-undef
   23:17  warning  'initial_left' is not defined            no-undef
   23:31  warning  'step_left' is not defined               no-undef
   24:17  warning  'elem' is not defined                    no-undef
   24:34  warning  'initial_top' is not defined             no-undef
   25:17  warning  'elem' is not defined                    no-undef
   25:35  warning  'initial_left' is not defined            no-undef
   39:10  warning  'moveFlask' is defined but never used    no-unused-vars
   40:8   warning  'step_no' is not defined                 no-undef
   41:12  warning  'conc_value' is not defined              no-undef
   46:13  warning  'elem' is not defined                    no-undef
   48:13  warning  'initial_top' is not defined             no-undef
   48:38  warning  '$' is not defined                       no-undef
   49:13  warning  'initial_left' is not defined            no-undef
   49:39  warning  '$' is not defined                       no-undef
   51:13  warning  'final_top' is not defined               no-undef
   52:13  warning  'step_top' is not defined                no-undef
   53:13  warning  'step_left' is not defined               no-undef
   54:13  warning  'type_of_movement' is not defined        no-undef
   59:13  warning  'step_no' is not defined                 no-undef
   68:10  warning  'moveCuvette' is defined but never used  no-unused-vars
   69:9   warning  'step_no' is not defined                 no-undef
   69:25  warning  'count' is not defined                   no-undef
   71:9   warning  'elem' is not defined                    no-undef
   73:9   warning  'initial_top' is not defined             no-undef
   73:34  warning  '$' is not defined                       no-undef
   74:9   warning  'initial_left' is not defined            no-undef
   74:35  warning  '$' is not defined                       no-undef
   76:9   warning  'final_top' is not defined               no-undef
   77:9   warning  'step_top' is not defined                no-undef
   78:9   warning  'step_left' is not defined               no-undef
   79:9   warning  'type_of_movement' is not defined        no-undef
   84:9   warning  'step_no' is not defined                 no-undef
   87:13  warning  'step_no' is not defined                 no-undef
   89:9   warning  'elem' is not defined                    no-undef
   91:9   warning  'initial_top' is not defined             no-undef
   91:34  warning  '$' is not defined                       no-undef
   92:9   warning  'initial_left' is not defined            no-undef
   92:35  warning  '$' is not defined                       no-undef
   94:9   warning  'final_top' is not defined               no-undef
   95:9   warning  'step_top' is not defined                no-undef
   96:9   warning  'step_left' is not defined               no-undef
   97:9   warning  'type_of_movement' is not defined        no-undef
  102:9   warning  'step_no' is not defined                 no-undef
  108:10  warning  'moveDown' is defined but never used     no-unused-vars
  110:9   warning  'initial_top' is not defined             no-undef
  110:34  warning  '$' is not defined                       no-undef
  111:9   warning  'initial_left' is not defined            no-undef
  111:35  warning  '$' is not defined                       no-undef
  113:9   warning  'final_top' is not defined               no-undef
  114:9   warning  'step_top' is not defined                no-undef
  115:9   warning  'step_left' is not defined               no-undef
  116:9   warning  'type_of_movement' is not defined        no-undef
  124:10  warning  'hideCuvette' is defined but never used  no-unused-vars
  125:9   warning  '$' is not defined                       no-undef
  127:9   warning  'count' is not defined                   no-undef
  135:10  warning  'movePipette' is defined but never used  no-unused-vars
  136:13  warning  'step_no' is not defined                 no-undef
  136:29  warning  'count' is not defined                   no-undef
  138:13  warning  'elem' is not defined                    no-undef
  146:13  warning  '$' is not defined                       no-undef
  149:13  warning  'initial_top' is not defined             no-undef
  149:38  warning  '$' is not defined                       no-undef
  150:13  warning  'initial_left' is not defined            no-undef
  150:39  warning  '$' is not defined                       no-undef
  152:13  warning  'final_top' is not defined               no-undef
  153:13  warning  'step_top' is not defined                no-undef
  154:13  warning  'step_left' is not defined               no-undef
  155:13  warning  'type_of_movement' is not defined        no-undef
  160:13  warning  'step_no' is not defined                 no-undef
  163:17  warning  'step_no' is not defined                 no-undef
  163:31  warning  'count' is not defined                   no-undef
  164:13  warning  '$' is not defined                       no-undef
  165:13  warning  'elem' is not defined                    no-undef
  168:13  warning  'step_no' is not defined                 no-undef
  170:17  warning  'count' is not defined                   no-undef
  172:17  warning  'step_no' is not defined                 no-undef
  172:33  warning  'count' is not defined                   no-undef
  173:14  warning  '$' is not defined                       no-undef
  178:13  warning  'step_no' is not defined                 no-undef
  180:17  warning  'count' is not defined                   no-undef
  182:17  warning  'step_no' is not defined                 no-undef
  182:33  warning  'count' is not defined                   no-undef
  183:13  warning  '$' is not defined                       no-undef
  184:13  warning  'elem' is not defined                    no-undef
  185:13  warning  'step_no' is not defined                 no-undef
  194:11  warning  'elem' is not defined                    no-undef
  196:11  warning  'initial_top' is not defined             no-undef
  196:36  warning  '$' is not defined                       no-undef
  197:11  warning  'initial_left' is not defined            no-undef
  197:37  warning  '$' is not defined                       no-undef
  199:11  warning  'final_top' is not defined               no-undef
  200:11  warning  'step_top' is not defined                no-undef
  201:11  warning  'step_left' is not defined               no-undef
  202:11  warning  'type_of_movement' is not defined        no-undef
  205:11  warning  '$' is not defined                       no-undef

/home/runner/work/exp-stern-volmer-plot-iiith/exp-stern-volmer-plot-iiith/experiment/simulation/mfs_expt9.js
    6:9   warning  'y' is assigned a value but never used        no-unused-vars
    8:9   warning  'initial_top' is defined but never used       no-unused-vars
    9:9   warning  'initial_left' is defined but never used      no-unused-vars
   10:9   warning  'final_top' is defined but never used         no-unused-vars
   11:9   warning  'final_left' is defined but never used        no-unused-vars
   12:9   warning  'step' is defined but never used              no-unused-vars
   13:9   warning  'elem' is defined but never used              no-unused-vars
   14:9   warning  'img' is defined but never used               no-unused-vars
   14:13  warning  'img1' is defined but never used              no-unused-vars
   15:9   warning  'id' is defined but never used                no-unused-vars
   15:12  warning  'id1' is defined but never used               no-unused-vars
   19:9   warning  'input1' is defined but never used            no-unused-vars
   19:17  warning  'input2' is defined but never used            no-unused-vars
   19:25  warning  'input3' is defined but never used            no-unused-vars
   20:9   warning  'video1' is defined but never used            no-unused-vars
   20:17  warning  'video2' is defined but never used            no-unused-vars
   20:25  warning  'video3' is defined but never used            no-unused-vars
   21:5   warning  'video4' is defined but never used            no-unused-vars
   21:13  warning  'video5' is defined but never used            no-unused-vars
   21:21  warning  'video6' is defined but never used            no-unused-vars
   23:9   warning  'type_of_movement' is defined but never used  no-unused-vars
   67:9   warning  'newwindow' is not defined                    no-undef
   70:13  warning  'newwindow' is not defined                    no-undef
   87:13  warning  'moveFlask' is not defined                    no-undef
   90:13  warning  'movePipette' is not defined                  no-undef
   93:13  warning  'moveCuvette' is not defined                  no-undef
  149:10  warning  'turnOn' is defined but never used            no-unused-vars
  178:13  warning  '$' is not defined                            no-undef
  187:10  warning  'removeClock' is defined but never used       no-unused-vars
  188:5   warning  '$' is not defined                            no-undef
  191:5   warning  'cursorPointers' is not defined               no-undef
  202:9   warning  'cursorPointers' is not defined               no-undef
  210:9   warning  'cursorPointers' is not defined               no-undef
  220:9   warning  '$' is not defined                            no-undef
  224:5   warning  'cursorPointers' is not defined               no-undef
  230:34  warning  'event' is defined but never used             no-unused-vars
  232:10  warning  '$' is not defined                            no-undef
  240:5   warning  '$' is not defined                            no-undef
  243:5   warning  'cursorPointers' is not defined               no-undef
  297:9   warning  '$' is not defined                            no-undef

✖ 232 problems (0 errors, 232 warnings)

